# JRE version: OpenJDK Runtime Environment (8.0_76-b03) (build 1.8.0_76-release-b03)
# Java VM: OpenJDK 64-Bit Server VM (25.76-b03 mixed mode windows-amd64 compressed oops)
Heap:
 PSYoungGen      total 237568K, used 41399K [0x00000000e0000000, 0x00000000f7000000, 0x0000000100000000)
  eden space 218624K, 16% used [0x00000000e0000000,0x00000000e22d5c28,0x00000000ed580000)
  from space 18944K, 30% used [0x00000000ed580000,0x00000000edb18020,0x00000000ee800000)
  to   space 18432K, 0% used [0x00000000f5e00000,0x00000000f5e00000,0x00000000f7000000)
 ParOldGen       total 81408K, used 39010K [0x00000000a0000000, 0x00000000a4f80000, 0x00000000e0000000)
  object space 81408K, 47% used [0x00000000a0000000,0x00000000a2618b90,0x00000000a4f80000)
 Metaspace       used 56613K, capacity 59088K, committed 59440K, reserved 1099776K
  class space    used 7593K, capacity 8087K, committed 8240K, reserved 1048576K
GC Heap History (10 events):
Event: 70.285 GC heap before
{Heap before GC invocations=16 (full 3):
 PSYoungGen      total 231424K, used 4907K [0x00000000e0000000, 0x00000000efb00000, 0x0000000100000000)
  eden space 211456K, 0% used [0x00000000e0000000,0x00000000e0000000,0x00000000ece80000)
  from space 19968K, 24% used [0x00000000ece80000,0x00000000ed34aef8,0x00000000ee200000)
  to   space 19456K, 0% used [0x00000000ee800000,0x00000000ee800000,0x00000000efb00000)
 ParOldGen       total 44544K, used 42528K [0x00000000a0000000, 0x00000000a2b80000, 0x00000000e0000000)
  object space 44544K, 95% used [0x00000000a0000000,0x00000000a29883c8,0x00000000a2b80000)
 Metaspace       used 51757K, capacity 53774K, committed 53936K, reserved 1095680K
  class space    used 7100K, capacity 7552K, committed 7600K, reserved 1048576K
Event: 70.715 GC heap after
Heap after GC invocations=16 (full 3):
 PSYoungGen      total 231424K, used 0K [0x00000000e0000000, 0x00000000efb00000, 0x0000000100000000)
  eden space 211456K, 0% used [0x00000000e0000000,0x00000000e0000000,0x00000000ece80000)
  from space 19968K, 0% used [0x00000000ece80000,0x00000000ece80000,0x00000000ee200000)
  to   space 19456K, 0% used [0x00000000ee800000,0x00000000ee800000,0x00000000efb00000)
 ParOldGen       total 44544K, used 40528K [0x00000000a0000000, 0x00000000a2b80000, 0x00000000e0000000)
  object space 44544K, 90% used [0x00000000a0000000,0x00000000a2794380,0x00000000a2b80000)
 Metaspace       used 51757K, capacity 53774K, committed 53936K, reserved 1095680K
  class space    used 7100K, capacity 7552K, committed 7600K, reserved 1048576K
}
Event: 2377.176 GC heap before
{Heap before GC invocations=17 (full 4):
 PSYoungGen      total 231424K, used 211456K [0x00000000e0000000, 0x00000000efb00000, 0x0000000100000000)
  eden space 211456K, 100% used [0x00000000e0000000,0x00000000ece80000,0x00000000ece80000)
  from space 19968K, 0% used [0x00000000ece80000,0x00000000ece80000,0x00000000ee200000)
  to   space 19456K, 0% used [0x00000000ee800000,0x00000000ee800000,0x00000000efb00000)
 ParOldGen       total 44544K, used 40528K [0x00000000a0000000, 0x00000000a2b80000, 0x00000000e0000000)
  object space 44544K, 90% used [0x00000000a0000000,0x00000000a2794380,0x00000000a2b80000)
 Metaspace       used 54862K, capacity 57124K, committed 57392K, reserved 1099776K
  class space    used 7417K, capacity 7912K, committed 7984K, reserved 1048576K
Event: 2378.337 GC heap after
Heap after GC invocations=17 (full 4):
 PSYoungGen      total 231424K, used 1116K [0x00000000e0000000, 0x00000000efb00000, 0x0000000100000000)
  eden space 211456K, 0% used [0x00000000e0000000,0x00000000e01172b8,0x00000000ece80000)
  from space 19968K, 0% used [0x00000000ece80000,0x00000000ece80000,0x00000000ee200000)
  to   space 19456K, 0% used [0x00000000ee800000,0x00000000ee800000,0x00000000efb00000)
 ParOldGen       total 81408K, used 44539K [0x00000000a0000000, 0x00000000a4f80000, 0x00000000e0000000)
  object space 81408K, 54% used [0x00000000a0000000,0x00000000a2b7ef38,0x00000000a4f80000)
 Metaspace       used 54862K, capacity 57124K, committed 57392K, reserved 1099776K
  class space    used 7417K, capacity 7912K, committed 7984K, reserved 1048576K
}
Event: 2382.720 GC heap before
{Heap before GC invocations=18 (full 4):
 PSYoungGen      total 231424K, used 75431K [0x00000000e0000000, 0x00000000efb00000, 0x0000000100000000)
  eden space 211456K, 35% used [0x00000000e0000000,0x00000000e49a9ca0,0x00000000ece80000)
  from space 19968K, 0% used [0x00000000ece80000,0x00000000ece80000,0x00000000ee200000)
  to   space 19456K, 0% used [0x00000000ee800000,0x00000000ee800000,0x00000000efb00000)
 ParOldGen       total 81408K, used 44539K [0x00000000a0000000, 0x00000000a4f80000, 0x00000000e0000000)
  object space 81408K, 54% used [0x00000000a0000000,0x00000000a2b7ef38,0x00000000a4f80000)
 Metaspace       used 56049K, capacity 58574K, committed 58672K, reserved 1099776K
  class space    used 7579K, capacity 8150K, committed 8240K, reserved 1048576K
Event: 2382.761 GC heap after
Heap after GC invocations=18 (full 4):
 PSYoungGen      total 238080K, used 5788K [0x00000000e0000000, 0x00000000f6880000, 0x0000000100000000)
  eden space 218624K, 0% used [0x00000000e0000000,0x00000000e0000000,0x00000000ed580000)
  from space 19456K, 29% used [0x00000000ee800000,0x00000000eeda70d8,0x00000000efb00000)
  to   space 18944K, 0% used [0x00000000ed580000,0x00000000ed580000,0x00000000ee800000)
 ParOldGen       total 81408K, used 44547K [0x00000000a0000000, 0x00000000a4f80000, 0x00000000e0000000)
  object space 81408K, 54% used [0x00000000a0000000,0x00000000a2b80f38,0x00000000a4f80000)
 Metaspace       used 56049K, capacity 58574K, committed 58672K, reserved 1099776K
  class space    used 7579K, capacity 8150K, committed 8240K, reserved 1048576K
}
Event: 2382.761 GC heap before
{Heap before GC invocations=19 (full 5):
 PSYoungGen      total 238080K, used 5788K [0x00000000e0000000, 0x00000000f6880000, 0x0000000100000000)
  eden space 218624K, 0% used [0x00000000e0000000,0x00000000e0000000,0x00000000ed580000)
  from space 19456K, 29% used [0x00000000ee800000,0x00000000eeda70d8,0x00000000efb00000)
  to   space 18944K, 0% used [0x00000000ed580000,0x00000000ed580000,0x00000000ee800000)
 ParOldGen       total 81408K, used 44547K [0x00000000a0000000, 0x00000000a4f80000, 0x00000000e0000000)
  object space 81408K, 54% used [0x00000000a0000000,0x00000000a2b80f38,0x00000000a4f80000)
 Metaspace       used 56049K, capacity 58574K, committed 58672K, reserved 1099776K
  class space    used 7579K, capacity 8150K, committed 8240K, reserved 1048576K
Event: 2383.114 GC heap after
Heap after GC invocations=19 (full 5):
 PSYoungGen      total 238080K, used 0K [0x00000000e0000000, 0x00000000f6880000, 0x0000000100000000)
  eden space 218624K, 0% used [0x00000000e0000000,0x00000000e0000000,0x00000000ed580000)
  from space 19456K, 0% used [0x00000000ee800000,0x00000000ee800000,0x00000000efb00000)
  to   space 18944K, 0% used [0x00000000ed580000,0x00000000ed580000,0x00000000ee800000)
 ParOldGen       total 81408K, used 39002K [0x00000000a0000000, 0x00000000a4f80000, 0x00000000e0000000)
  object space 81408K, 47% used [0x00000000a0000000,0x00000000a2616b90,0x00000000a4f80000)
 Metaspace       used 55510K, capacity 57604K, committed 58672K, reserved 1099776K
  class space    used 7471K, capacity 7933K, committed 8240K, reserved 1048576K
}
Event: 3973.653 GC heap before
{Heap before GC invocations=20 (full 5):
 PSYoungGen      total 238080K, used 218624K [0x00000000e0000000, 0x00000000f6880000, 0x0000000100000000)
  eden space 218624K, 100% used [0x00000000e0000000,0x00000000ed580000,0x00000000ed580000)
  from space 19456K, 0% used [0x00000000ee800000,0x00000000ee800000,0x00000000efb00000)
  to   space 18944K, 0% used [0x00000000ed580000,0x00000000ed580000,0x00000000ee800000)
 ParOldGen       total 81408K, used 39002K [0x00000000a0000000, 0x00000000a4f80000, 0x00000000e0000000)
  object space 81408K, 47% used [0x00000000a0000000,0x00000000a2616b90,0x00000000a4f80000)
 Metaspace       used 56320K, capacity 58726K, committed 59184K, reserved 1099776K
  class space    used 7547K, capacity 8042K, committed 8240K, reserved 1048576K
Event: 3974.105 GC heap after
Heap after GC invocations=20 (full 5):
 PSYoungGen      total 237568K, used 5728K [0x00000000e0000000, 0x00000000f7000000, 0x0000000100000000)
  eden space 218624K, 0% used [0x00000000e0000000,0x00000000e0000000,0x00000000ed580000)
  from space 18944K, 30% used [0x00000000ed580000,0x00000000edb18020,0x00000000ee800000)
  to   space 18432K, 0% used [0x00000000f5e00000,0x00000000f5e00000,0x00000000f7000000)
 ParOldGen       total 81408K, used 39010K [0x00000000a0000000, 0x00000000a4f80000, 0x00000000e0000000)
  object space 81408K, 47% used [0x00000000a0000000,0x00000000a2618b90,0x00000000a4f80000)
 Metaspace       used 56320K, capacity 58726K, committed 59184K, reserved 1099776K
  class space    used 7547K, capacity 8042K, committed 8240K, reserved 1048576K
}

